SpyGlass Predictive Analyzer(R) - SpyGlass_vR-2020.12-SP2
All Rights Reserved. Use, disclosure or duplication 
without prior written permission of Synopsys Inc. is prohibited.
Technical support: email spyglass_support@synopsys.com 

Creating 'dashboard' reports using project 'proName.prj'
##cwd         : /home/m112/m112061622/secureic/lab01/lint
##system      : Linux ws24 3.10.0-1160.95.1.el7.x86_64 #1 SMP Mon Jul 24 13:59:37 UTC 2023 x86_64 x86_64 x86_64 GNU/Linux
##Date & Time : Thu Mar 28 20:31:34 2024
Checkout 'dashboard' license at Thu Mar 28 20:31:32 2024 
Checkout 'dashboard' license completed at Thu Mar 28 20:31:32 2024 
Generating Dashboard report started at Thu Mar 28 20:31:32 2024 
Checking project file /home/m112/m112061622/secureic/lab01/lint/proName.prj at Thu Mar 28 20:31:33 2024 
Processing Project File:/home/m112/m112061622/secureic/lab01/lint/proName.prj 
     Work Directory:/home/m112/m112061622/secureic/lab01/lint/proName 
     Top Name: alu 
     Group Mode: 0 
     Methodology:/usr/cadtool/cad/synopsys/spyglass/2020.12-sp2/SPYGLASS_HOME/GuideWare/2020.12/block/rtl_handoff 
    Goals executed: lint/lint_rtl:: 
  Goal lint/lint_rtl run status: Completed 
No or invalid 'SUCCESS_CRITERIA_FILE_PATH' set in Config file.The report will use some of the SpyGlass default set values but it may be incomplete. 
Adding data for block: alu, from project: /home/m112/m112061622/secureic/lab01/lint/proName.prj 
Generating data for block 'alu' 
  Generating data for goal 'lint/lint_rtl' from directory '/home/m112/m112061622/secureic/lab01/lint/proName/alu/lint/lint_rtl' 
Report Dashboard creation completed at Thu Mar 28 20:31:34 2024 
Checkin 'dashboard' license at Thu Mar 28 20:31:34 2024 
----------------------------------------------------------------
Report 'dashboard' created.
  File: /home/m112/m112061622/secureic/lab01/lint/proName/html_reports/dashboard.html 
----------------------------------------------------------------

SpyGlass Exit Code 0
