SpyGlass Predictive Analyzer(R) - SpyGlass_vR-2020.12-SP2
All Rights Reserved. Use, disclosure or duplication 
without prior written permission of Synopsys Inc. is prohibited.
Technical support: email spyglass_support@synopsys.com 

Creating 'datasheet' reports using project 'proName.prj'
##cwd         : /home/m112/m112061622/secureic/lab01/lint
##system      : Linux ws24 3.10.0-1160.95.1.el7.x86_64 #1 SMP Mon Jul 24 13:59:37 UTC 2023 x86_64 x86_64 x86_64 GNU/Linux
##Date & Time : Thu Mar 28 20:31:35 2024
Checkout 'datasheet' license at Thu Mar 28 20:31:34 2024 
Checkout 'datasheet' license completed at Thu Mar 28 20:31:34 2024 
Starting Generating DataSheet report at Thu Mar 28 20:31:34 2024 
Checking project file /home/m112/m112061622/secureic/lab01/lint/proName.prj at Thu Mar 28 20:31:35 2024 
Processing Project File:/home/m112/m112061622/secureic/lab01/lint/proName.prj 
     Work Directory:/home/m112/m112061622/secureic/lab01/lint/proName 
     Top Name: alu 
     Group Mode: 0 
     Methodology:/usr/cadtool/cad/synopsys/spyglass/2020.12-sp2/SPYGLASS_HOME/GuideWare/2020.12/block/rtl_handoff 
    Goals executed: lint/lint_rtl:: 
        Found data file /home/m112/m112061622/secureic/lab01/lint/proName/alu//lint/lint_rtl/spyglass_spysch/morelint/PragmaComments 
 Data file /home/m112/m112061622/secureic/lab01/lint/proName/alu//lint/lint_rtl/spyglass_spysch/morelint/PragmaComments seems to be empty 
        Found data file /home/m112/m112061622/secureic/lab01/lint/proName/alu//lint/lint_rtl/spyglass_spysch/morelint/RegInputOutput 
        Found data file /home/m112/m112061622/secureic/lab01/lint/proName/alu//lint/lint_rtl/spyglass_spysch/morelint/ReportPorts 
Taking file /home/m112/m112061622/secureic/lab01/lint/proName/alu//lint/lint_rtl/spyglass_spysch/morelint/ReportPorts for ReportPorts data 
Taking file /home/m112/m112061622/secureic/lab01/lint/proName/alu//lint/lint_rtl/spyglass_spysch/morelint/RegInputOutput for RegInputOutput data 
DataSheet report processing completed at Thu Mar 28 20:31:35 2024 
Checking in 'datasheet' license at Thu Mar 28 20:31:35 2024 
Checking in 'datasheet' license completed at Thu Mar 28 20:31:35 2024 
----------------------------------------------------------------
Report 'datasheet' created.
  File: /home/m112/m112061622/secureic/lab01/lint/proName/html_reports/datasheet.html 
----------------------------------------------------------------

SpyGlass Exit Code 0
