
################################################################################
#
# This file has been generated by SpyGlass:
#     Report Name      : no_msg_reporting_rules
#     Report Created by: m112061622
#     Report Created on:  Thu Mar 28 20:31:27 2024
#     Working Directory: /home/m112/m112061622/secureic/lab01/lint
#     SpyGlass Version : SpyGlass_vR-2020.12-SP2
#     Policy Name      : SpyGlass(SpyGlass_vR-2020.12-SP2)
#                        clock-reset(SpyGlass_vR-2020.12-SP2)
#                        erc(SpyGlass_vR-2020.12-SP2)
#                        latch(SpyGlass_vR-2020.12-SP2)
#                        lint(SpyGlass_vR-2020.12-SP2)
#                        morelint(SpyGlass_vR-2020.12-SP2)
#                        openmore(SpyGlass_vR-2020.12-SP2)
#                        power_est(SpyGlass_vR-2020.12-SP2)
#                        simulation(SpyGlass_vR-2020.12-SP2)
#                        starc(SpyGlass_vR-2020.12-SP2)
#                        starc2005(SpyGlass_vR-2020.12-SP2)
#                        txv(SpyGlass_vR-2020.12-SP2)
#
#     Total Number of Generated Messages :          5
#     Number of Waived Messages          :          0
#     Number of Reported Messages        :          5
#     Number of Overlimit Messages       :          0
#
#
################################################################################

NO VIOLATION RULE REPORT :
++++++++++++++++++++++++++++++++++++++++++++++++++++++++++++++++++++++++++++++++

Following rules did not produce any violation or waived off during spyglass run

++++++++++++++++++++++++++++++++++++++++++++++++++++++++++++++++++++++++++++++++


================================================================================
	INDEX                                   RULE-NAME
================================================================================
	1                                  BlockHeader
	2                                  BufClock
	3                                  CheckDelayTimescale-ML
	4                                  CombLoop
	5                                  FlopClockConstant
	6                                  FlopEConst
	7                                  LatchFeedback
	8                                  NoAssignX-ML
	9                                  NoXInCase-ML
	10                                 ParamWidthMismatch-ML
	11                                 STARC05-1.1.1.5
	12                                 STARC05-1.2.1.2
	13                                 STARC05-1.3.1.3
	14                                 STARC05-2.1.3.1
	15                                 STARC05-2.1.4.5
	16                                 STARC05-2.1.5.3
	17                                 STARC05-2.1.6.5
	18                                 STARC05-2.10.1.4a
	19                                 STARC05-2.10.1.4b
	20                                 STARC05-2.10.2.3
	21                                 STARC05-2.10.3.2a
	22                                 STARC05-2.10.3.2b_sa
	23                                 STARC05-2.11.3.1
	24                                 STARC05-2.2.3.3
	25                                 STARC05-2.3.1.2c
	26                                 STARC05-2.3.1.5b
	27                                 STARC05-2.3.1.6
	28                                 STARC05-2.3.3.1
	29                                 STARC05-2.3.4.1v
	30                                 STARC05-2.4.1.5
	31                                 STARC05-2.5.1.2
	32                                 STARC05-2.5.1.7
	33                                 STARC05-2.5.1.9
	34                                 UndrivenInTerm-ML
	35                                 W110
	36                                 W110a
	37                                 W116
	38                                 W122
	39                                 W123
	40                                 W156
	41                                 W164a
	42                                 W164b
	43                                 W19
	44                                 W215
	45                                 W216
	46                                 W218
	47                                 W224
	48                                 W240
	49                                 W263
	50                                 W287a
	51                                 W287b
	52                                 W289
	53                                 W292
	54                                 W293
	55                                 W317
	56                                 W336
	57                                 W337
	58                                 W339a
	59                                 W352
	60                                 W362
	61                                 W392
	62                                 W398
	63                                 W414
	64                                 W415
	65                                 W415a
	66                                 W416
	67                                 W421
	68                                 W422
	69                                 W424
	70                                 W426
	71                                 W442a
	72                                 W442b
	73                                 W442c
	74                                 W442f
	75                                 W450L
	76                                 W467
	77                                 W480
	78                                 W481a
	79                                 W481b
	80                                 W486
	81                                 W496a
	82                                 W496b
	83                                 W499
	84                                 W502
	85                                 W505
	86                                 W528
	87                                 W66
	88                                 W71
	89                                 badimplicitSM1
	90                                 badimplicitSM2
	91                                 badimplicitSM4
	92                                 bothedges
	93                                 mixedsenselist
	94                                 sim_race02
================================================================================
