
INFO:    It is recommended to set environment variable
         SNPSLMD_LICENSE_FILE for faster license checkout.
set_option incdir { ../rtl }
read_file -type hdl ../rtl/dut_include.v
current_methodology: info: methodology is now `/usr/cadtool/cad/synopsys/spyglass/2020.12-sp2/SPYGLASS_HOME/GuideWare/latest/block/rtl_handoff'
current_goal: info: removed current goals (sg_shell is now back to methodology scope)
                    (selected methodology is `/usr/cadtool/cad/synopsys/spyglass/2020.12-sp2/SPYGLASS_HOME/GuideWare/latest/block/rtl_handoff')
current_goal: info: loading goal `lint/lint_rtl' with top `alu' (in progress)
current_goal: info: finished loading goal `lint/lint_rtl' (ok)

INFO:    SpyGlass will run goal(s) 'lint/lint_rtl'.


RULE-CHECKING IN MIXED MODE
Loading spyglass (SpyGlass_vR-2020.12-SP2) ... (picked from /usr/cadtool/cad/synopsys/spyglass/2020.12-sp2/SPYGLASS_HOME/policies/spyglass)
Loading openmore (SpyGlass_vR-2020.12-SP2) ... (picked from /usr/cadtool/cad/synopsys/spyglass/2020.12-sp2/SPYGLASS_HOME/policies/openmore)
Loading starc (SpyGlass_vR-2020.12-SP2) ... (picked from /usr/cadtool/cad/synopsys/spyglass/2020.12-sp2/SPYGLASS_HOME/policies/starc)
Loading starc2005 (SpyGlass_vR-2020.12-SP2) ... (picked from /usr/cadtool/cad/synopsys/spyglass/2020.12-sp2/SPYGLASS_HOME/policies/starc2005)
Loading erc (SpyGlass_vR-2020.12-SP2) ... (picked from /usr/cadtool/cad/synopsys/spyglass/2020.12-sp2/SPYGLASS_HOME/policies/erc)
Loading simulation (SpyGlass_vR-2020.12-SP2) ... (picked from /usr/cadtool/cad/synopsys/spyglass/2020.12-sp2/SPYGLASS_HOME/policies/simulation)
Loading lint (SpyGlass_vR-2020.12-SP2) ... (picked from /usr/cadtool/cad/synopsys/spyglass/2020.12-sp2/SPYGLASS_HOME/policies/lint)
Loading latch (SpyGlass_vR-2020.12-SP2) ... (picked from /usr/cadtool/cad/synopsys/spyglass/2020.12-sp2/SPYGLASS_HOME/policies/latch)
Loading morelint (SpyGlass_vR-2020.12-SP2) ... (picked from /usr/cadtool/cad/synopsys/spyglass/2020.12-sp2/SPYGLASS_HOME/policies/morelint)
Loading timing (SpyGlass_vR-2020.12-SP2) ... (picked from /usr/cadtool/cad/synopsys/spyglass/2020.12-sp2/SPYGLASS_HOME/policies/timing)
Loading starc2002 (SpyGlass_vR-2020.12-SP2) ... (picked from /usr/cadtool/cad/synopsys/spyglass/2020.12-sp2/SPYGLASS_HOME/policies/starc2002)
Loading Audits (SpyGlass_vR-2020.12-SP2) ... (picked from /usr/cadtool/cad/synopsys/spyglass/2020.12-sp2/SPYGLASS_HOME/policies/Audits)
Loading area (SpyGlass_vR-2020.12-SP2) ... (picked from /usr/cadtool/cad/synopsys/spyglass/2020.12-sp2/SPYGLASS_HOME/policies/area)
Loading miscellaneous (SpyGlass_vR-2020.12-SP2) ... (picked from /usr/cadtool/cad/synopsys/spyglass/2020.12-sp2/SPYGLASS_HOME/policies/miscellaneous)
Loading starcad-21 (SpyGlass_vR-2020.12-SP2) ... (picked from /usr/cadtool/cad/synopsys/spyglass/2020.12-sp2/SPYGLASS_HOME/policies/starcad-21)
Loading txv (SpyGlass_vR-2020.12-SP2) ... (picked from /usr/cadtool/cad/synopsys/spyglass/2020.12-sp2/SPYGLASS_HOME/policies/txv)

TXV_INFO Parameter txv_extract_domain will be renamed to txv_domain_mode in future!

Loading power_est (SpyGlass_vR-2020.12-SP2) ... (picked from /usr/cadtool/cad/synopsys/spyglass/2020.12-sp2/SPYGLASS_HOME/policies/power_est)
Loading lowpower (5.6.1) ... (picked from /usr/cadtool/cad/synopsys/spyglass/2020.12-sp2/SPYGLASS_HOME/policies/lowpower)
Loading dft_dsm (SpyGlass_vR-2020.12-SP2) ... (picked from /usr/cadtool/cad/synopsys/spyglass/2020.12-sp2/SPYGLASS_HOME/policies/dft_dsm)
Loading dft (SpyGlass_vR-2020.12-SP2) ... (picked from /usr/cadtool/cad/synopsys/spyglass/2020.12-sp2/SPYGLASS_HOME/policies/dft)
Loading constraints (SpyGlass_vR-2020.12-SP2) ... (picked from /usr/cadtool/cad/synopsys/spyglass/2020.12-sp2/SPYGLASS_HOME/policies/constraints)
Loading const_intern1 (SpyGlass_vR-2020.12-SP2) ... (picked from /usr/cadtool/cad/synopsys/spyglass/2020.12-sp2/SPYGLASS_HOME/policies/constraints)
Loading clock-reset (SpyGlass_vR-2020.12-SP2) ... (picked from /usr/cadtool/cad/synopsys/spyglass/2020.12-sp2/SPYGLASS_HOME/policies/clock)
 Reading sgdc file "./constraints.sgdc" ...
Performing unification checks on SGDC... done

INFO [6]    Work Directory './proName/alu/WORK' does not exist.

INFO [75]    Creating the Work Directory './proName/alu/WORK/64' for 64bit  precompiled dump.
Checking Rule SGDC_power_est29 (Rule 1 of total 307) .... done (Time = 0.01s, Memory = 0.0K)
Checking Rule PECHECK04 (Rule 2 of total 307) .... done (Time = 0.00s, Memory = 8.0K)
Checking Rule PECHECK18 (Rule 3 of total 307) .... done (Time = 0.00s, Memory = 0.0K)
Checking Rule PEMVDD01 (Rule 4 of total 307) .... done (Time = 0.00s, Memory = 0.0K)
Checking Rule PrecompileLibCheck01 (Rule 5 of total 307) .... done (Time = 0.00s, Memory = 0.0K)
Checking Rule PrecompileLibCheck02 (Rule 6 of total 307) .... done (Time = 0.00s, Memory = 0.0K)
Checking Rule PrecompileLibCheck03 (Rule 7 of total 307) .... done (Time = 0.00s, Memory = 0.0K)
Checking Rule PrecompileLibCheck04 (Rule 8 of total 307) .... done (Time = 0.00s, Memory = 0.0K)
Checking Rule AbstractInterface (Rule 9 of total 307) .... done (Time = 0.00s, Memory = 0.0K)
Checking Rule SGDC_assume_path01 (Rule 10 of total 307) .... done (Time = 0.00s, Memory = 0.0K)
Checking Rule SGDC_sdcschema02 (Rule 11 of total 307) .... done (Time = 0.00s, Memory = 32.0K)
Checking Rule SGDC_clock05 (Rule 12 of total 307) .... done (Time = 0.00s, Memory = 0.0K)
Checking Rule SGDC_clock09 (Rule 13 of total 307) .... done (Time = 0.00s, Memory = 0.0K)
Checking Rule SGDC_force_ta05 (Rule 14 of total 307) .... done (Time = 0.00s, Memory = 0.0K)
Checking Rule SGDC_require_path03 (Rule 15 of total 307) .... done (Time = 0.00s, Memory = 40.0K)
Checking Rule SGDC_require_value03 (Rule 16 of total 307) .... done (Time = 0.00s, Memory = 0.0K)
Checking Rule SGDC_voltagedomain05 (Rule 17 of total 307) .... done (Time = 0.00s, Memory = -32.0K)
Checking Rule SGDC_voltagedomain06 (Rule 18 of total 307) .... done (Time = 0.00s, Memory = 8.0K)
Checking Rule SGDC_voltagedomain07 (Rule 19 of total 307) .... done (Time = 0.00s, Memory = 0.0K)
Checking Rule SGDC_powerdomainoutputs02 (Rule 20 of total 307) .... done (Time = 0.00s, Memory = 0.0K)
Checking Rule SGDC_supply01 (Rule 21 of total 307) .... done (Time = 0.00s, Memory = 0.0K)
Checking Rule SGDC_waive01 (Rule 22 of total 307) .... done (Time = 0.00s, Memory = 0.0K)
Checking Rule SGDC_waive02 (Rule 23 of total 307) .... done (Time = 0.00s, Memory = 0.0K)
Checking Rule SGDC_waive03 (Rule 24 of total 307) .... done (Time = 0.00s, Memory = 0.0K)
Checking Rule SGDC_waive04 (Rule 25 of total 307) .... done (Time = 0.00s, Memory = 0.0K)
Checking Rule SGDC_waive05 (Rule 26 of total 307) .... done (Time = 0.00s, Memory = 0.0K)
Checking Rule SGDC_waive06 (Rule 27 of total 307) .... done (Time = 0.00s, Memory = 0.0K)
Checking Rule SGDC_waive07 (Rule 28 of total 307) .... done (Time = 0.00s, Memory = 0.0K)
Checking Rule SGDC_waive08 (Rule 29 of total 307) .... done (Time = 0.00s, Memory = 0.0K)
Checking Rule SGDC_waive09 (Rule 30 of total 307) .... done (Time = 0.00s, Memory = 0.0K)
Checking Rule SGDC_waive10 (Rule 31 of total 307) .... done (Time = 0.00s, Memory = 0.0K)
Checking Rule SGDC_waive11 (Rule 32 of total 307) .... done (Time = 0.00s, Memory = 0.0K)
Checking Rule SGDC_waive12 (Rule 33 of total 307) .... done (Time = 0.00s, Memory = 0.0K)
Checking Rule SGDC_waive13 (Rule 34 of total 307) .... done (Time = 0.00s, Memory = 0.0K)
Checking Rule SGDC_waive21 (Rule 35 of total 307) .... done (Time = 0.00s, Memory = 0.0K)
Checking Rule SGDC_waive22 (Rule 36 of total 307) .... done (Time = 0.00s, Memory = 0.0K)
Checking Rule SGDC_waive30 (Rule 37 of total 307) .... done (Time = 0.00s, Memory = 0.0K)
Checking Rule SGDC_waive32 (Rule 38 of total 307) .... done (Time = 0.00s, Memory = 0.0K)
Checking Rule SGDC_waive33 (Rule 39 of total 307) .... done (Time = 0.00s, Memory = 0.0K)
Checking Rule SGDC_waive36 (Rule 40 of total 307) .... done (Time = 0.00s, Memory = 0.0K)
Checking Rule SGDC_waive38 (Rule 41 of total 307) .... done (Time = 0.00s, Memory = 0.0K)
Checking Rule SGDC_fifo01 (Rule 42 of total 307) .... done (Time = 0.00s, Memory = 0.0K)
Checking Rule SGDC_libgroup01 (Rule 43 of total 307) .... done (Time = 0.00s, Memory = 0.0K)
Checking Rule SGDC_libgroup02 (Rule 44 of total 307) .... done (Time = 0.00s, Memory = 0.0K)
Checking Rule SGDC_libgroup04 (Rule 45 of total 307) .... done (Time = 0.00s, Memory = 0.0K)
Checking Rule SGDC_power_data01 (Rule 46 of total 307) .... done (Time = 0.00s, Memory = 0.0K)
Checking Rule SGDC_ungroup01 (Rule 47 of total 307) .... done (Time = 0.01s, Memory = 0.0K)
Checking Rule SGDC_abstract_port06 (Rule 48 of total 307) .... done (Time = 0.00s, Memory = 8.0K)
Checking Rule SGDC_abstract_port14 (Rule 49 of total 307) .... done (Time = 0.00s, Memory = 0.0K)
Checking Rule SGDC_abstract_port15 (Rule 50 of total 307) .... done (Time = 0.00s, Memory = 8.0K)
Checking Rule SGDC_abstract_port18 (Rule 51 of total 307) .... done (Time = 0.00s, Memory = 0.0K)
Checking Rule SDC2SGDC_INFO (Rule 52 of total 307) .... done (Time = 0.00s, Memory = 88.0K)
Checking Rule SDC_ParamSanityCheck (Rule 53 of total 307) .... done (Time = 0.00s, Memory = 32.0K)
Checking Rule SDC_Sanity_Rule (Rule 54 of total 307)SDC-file translator read from path : /usr/cadtool/cad/synopsys/spyglass/2020.12-sp2/SPYGLASS_HOME/auxi/sdcparser
 .... done (Time = 0.00s, Memory = 0.0K)
Checking Rule sdc_init_rule (Rule 55 of total 307) .... done (Time = 0.01s, Memory = 664.0K)
Checking Rule CMD_ignorelibs01 (Rule 56 of total 307) .... done (Time = 0.00s, Memory = 0.0K)
Checking Rule ReportRuleNotRun (Rule 57 of total 307) .... done (Time = 0.03s, Memory = 0.0K)
Checking Rule STARC05-2.3.1.2c (Rule 58 of total 307) .... done (Time = 0.00s, Memory = 0.0K)
Checking Rule W442a (Rule 59 of total 307) .... done (Time = 0.00s, Memory = 0.0K)
Checking Rule W442b (Rule 60 of total 307) .... done (Time = 0.00s, Memory = 0.0K)
Checking Rule W442c (Rule 61 of total 307) .... done (Time = 0.00s, Memory = 0.0K)
Checking Rule W442f (Rule 62 of total 307) .... done (Time = 0.00s, Memory = 0.0K)
Checking Rule mixedsenselist (Rule 63 of total 307) .... done (Time = 0.00s, Memory = 0.0K)
Checking Rule badimplicitSM1 (Rule 64 of total 307) .... done (Time = 0.00s, Memory = 0.0K)
Checking Rule badimplicitSM2 (Rule 65 of total 307) .... done (Time = 0.00s, Memory = 0.0K)
Checking Rule badimplicitSM4 (Rule 66 of total 307) .... done (Time = 0.00s, Memory = 0.0K)
Checking Rule bothedges (Rule 67 of total 307) .... done (Time = 0.00s, Memory = 0.0K)
Checking Rule BlockHeader (Rule 68 of total 307) .... done (Time = 0.00s, Memory = 0.0K)
Checking Rule W421 (Rule 69 of total 307) .... done (Time = 0.00s, Memory = 0.0K)
Checking Rule STARC05-2.1.6.5 (Rule 70 of total 307) .... done (Time = 0.00s, Memory = 0.0K)
Checking Rule ReportStopSummary (Rule 71 of total 307) .... done (Time = 0.00s, Memory = 0.0K)
Checking Rule ReportIgnoreSummary (Rule 72 of total 307) .... done (Time = 0.00s, Memory = 0.0K)
 Analyzing source file "../rtl/dut_include.v" ....
 Elaborating Top Verilog Design Unit 'alu' ..... done
Checking Rule ElabSummary (Rule 73 of total 307) .... done (Time = 0.00s, Memory = 0.0K)
Checking Rule ReportCheckDataSummary (Rule 74 of total 307) .... done (Time = 0.00s, Memory = 0.0K)
 Reading waiver file "./proName/alu/lint/lint_rtl/spyglass_spysch/constraint/spg_autogenerated_waivers.sgdc" ...
 Generating WAIVER file "./proName/alu/lint/lint_rtl/spyglass_spysch/waiver/pragma2Waiver.swl" from pragmas in HDL source files ....
Checking Rule DetectTopDesignUnits (Rule 75 of total 307)
 Detected 1 top level design units:
     alu
 .... done (Time = 0.00s, Memory = 0.0K)
Performing semantic checks on SGDC contents
Checking Rule SGDC_testmode03 (Rule 76 of total 307) .... done (Time = 0.00s, Memory = 0.0K)
Checking Rule PECHECK09 (Rule 77 of total 307) .... done (Time = 0.01s, Memory = 0.0K)
Checking Rule Ac_multitop01 (Rule 78 of total 307) .... done (Time = 0.00s, Memory = 0.0K)
Checking Rule ReportObsoletePragmas (Rule 79 of total 307) .... done (Time = 0.00s, Memory = 0.0K)
Checking Rule ReportCksum (Rule 80 of total 307) .... done (Time = 0.00s, Memory = 0.0K)
Checking Rule checkSGDC_01 (Rule 81 of total 307) .... done (Time = 0.00s, Memory = 0.0K)
Checking Rule checkSGDC_03 (Rule 82 of total 307) .... done (Time = 0.00s, Memory = 0.0K)
Checking Rule checkSGDC_08 (Rule 83 of total 307) .... done (Time = 0.00s, Memory = 0.0K)
Checking Rule GenerateConfMap (Rule 84 of total 307) .... done (Time = 0.00s, Memory = -32.0K)
Checking Rule SGDC_memorywritepin04 (Rule 85 of total 307) .... done (Time = 0.00s, Memory = -32.0K)
Checking Rule SGDC_reset02 (Rule 86 of total 307) .... done (Time = 0.00s, Memory = 0.0K)
Checking Rule SGDC_reset03 (Rule 87 of total 307) .... done (Time = 0.00s, Memory = 0.0K)
Checking Rule SGDC_libgroup03 (Rule 88 of total 307) .... done (Time = 0.00s, Memory = 0.0K)
Checking Rule SGDC_ungroup02 (Rule 89 of total 307) .... done (Time = 0.00s, Memory = 0.0K)
Checking Rule SGDC_sdcschema01 (Rule 90 of total 307) .... done (Time = 0.00s, Memory = 0.0K)
Checking Rule HdlLibDuCheck (Rule 91 of total 307) .... done (Time = 0.00s, Memory = 0.0K)
Checking Rule RtlDesignInfo (Rule 92 of total 307) .... done (Time = 0.00s, Memory = 0.0K)
Checking Rule W339a (Rule 93 of total 307) .... done (Time = 0.00s, Memory = 0.0K)
Checking Rule W416 (Rule 94 of total 307) .... done (Time = 0.00s, Memory = 0.0K)
Checking Rule mixedsenselist (Rule 95 of total 307) .... done (Time = 0.00s, Memory = 0.0K)
Checking Rule W110a (Rule 96 of total 307) .... done (Time = 0.00s, Memory = 0.0K)
Checking Rule Pragma_setupa (Rule 97 of total 307) .... done (Time = 0.00s, Memory = 0.0K)
Checking Rule _deltaDelay (Rule 98 of total 307) .... done (Time = 0.00s, Memory = 32.0K)
Checking Rule _deltaDelay (Rule 99 of total 307) .... done (Time = 0.00s, Memory = 0.0K)
Checking Rule preReq_ConsCase2 (Rule 100 of total 307) .... done (Time = 0.00s, Memory = 0.0K)
Checking Rule preReq_ConsCase (Rule 101 of total 307) .... done (Time = 0.00s, Memory = 0.0K)
Checking Rule CheckCelldefine (Rule 102 of total 307) .... done (Time = 0.00s, Memory = 0.0K)
Checking Rule SGDC_waive23 (Rule 103 of total 307) .... done (Time = 0.00s, Memory = 0.0K)
Checking Rule SGDC_waive26 (Rule 104 of total 307) .... done (Time = 0.00s, Memory = 0.0K)
Checking Rule SGDC_waive27 (Rule 105 of total 307) .... done (Time = 0.00s, Memory = 0.0K)
Checking Rule SGDC_waive29 (Rule 106 of total 307) .... done (Time = 0.00s, Memory = 0.0K)
Checking Rule STARC05-1.1.1.5 (Rule 107 of total 307) .... done (Time = 0.00s, Memory = 0.0K)
Checking Rule STARC05-2.3.1.5b (Rule 108 of total 307) .... done (Time = 0.00s, Memory = 0.0K)
Checking Rule STARC05-2.3.3.1 (Rule 109 of total 307) .... done (Time = 0.00s, Memory = 0.0K)
Checking Rule STARC05-2.3.3.1 (Rule 110 of total 307) .... done (Time = 0.00s, Memory = 0.0K)
Checking Rule STARC05-2.11.3.1 (Rule 111 of total 307) .... done (Time = 0.00s, Memory = 0.0K)
Checking Rule Prereqs_STARC05-1.6.2.1 (Rule 112 of total 307) .... done (Time = 0.00s, Memory = 0.0K)
Checking Rule Prereqs_STARC-1.6.2.1 (Rule 113 of total 307) .... done (Time = 0.00s, Memory = 0.0K)
Checking Rule W317 (Rule 114 of total 307) .... done (Time = 0.00s, Memory = 0.0K)
Checking Rule W422 (Rule 115 of total 307) .... done (Time = 0.00s, Memory = 0.0K)
Checking Rule W426 (Rule 116 of total 307) .... done (Time = 0.00s, Memory = 0.0K)
Checking Rule W480 (Rule 117 of total 307) .... done (Time = 0.00s, Memory = 0.0K)
Checking Rule W481a (Rule 118 of total 307) .... done (Time = 0.00s, Memory = 0.0K)
Checking Rule W481b (Rule 119 of total 307) .... done (Time = 0.00s, Memory = 0.0K)
Checking Rule W422 (Rule 120 of total 307) .... done (Time = 0.00s, Memory = 0.0K)
Checking Rule W292 (Rule 121 of total 307) .... done (Time = 0.00s, Memory = 0.0K)
Checking Rule W71 (Rule 122 of total 307) .... done (Time = 0.00s, Memory = 0.0K)
Checking Rule W287b (Rule 123 of total 307) .... done (Time = 0.00s, Memory = 8.0K)
Checking Rule W293 (Rule 124 of total 307) .... done (Time = 0.00s, Memory = 0.0K)
Checking Rule W398 (Rule 125 of total 307) .... done (Time = 0.00s, Memory = 0.0K)
Checking Rule W421 (Rule 126 of total 307) .... done (Time = 0.00s, Memory = 8.0K)
Checking Rule W424 (Rule 127 of total 307) .... done (Time = 0.00s, Memory = 0.0K)
Checking Rule W467 (Rule 128 of total 307) .... done (Time = 0.00s, Memory = 0.0K)
Checking Rule Prereqs_RegInputOutputs (Rule 129 of total 307) .... done (Time = 0.00s, Memory = 0.0K)
Checking Rule PragmaComments-ML (Rule 130 of total 307) .... done (Time = 0.00s, Memory = 16.0K)
Checking Rule PragmaComments-ML (Rule 131 of total 307) .... done (Time = 0.00s, Memory = 0.0K)
Checking Rule CheckDelayTimescale-ML (Rule 132 of total 307) .... done (Time = 0.00s, Memory = 8.0K)
Checking Rule Prereqs_CheckTimeUnitandPrecision-ML (Rule 133 of total 307) .... done (Time = 0.00s, Memory = 0.0K)
Checking ELABDU Rules for designUnit alu
    Checking Rule Ac_classify_param01 (Rule 134 of total 307) .... done (Time = 0.00s, Memory = 0.0K)
    Checking Rule AcOvlRtl (Rule 135 of total 307) .... done (Time = 0.00s, Memory = 0.0K)
    Checking Rule AcOvlRtl (Rule 136 of total 307) .... done (Time = 0.00s, Memory = 32.0K)
    Checking Rule GenTopLevelBlocksForAutoSoc (Rule 137 of total 307) .... done (Time = 0.00s, Memory = 0.0K)
    Checking Rule Prereqs_InferLatch (Rule 138 of total 307) .... done (Time = 0.00s, Memory = 0.0K)
    Checking Rule STARC05-2.1.4.5 (Rule 139 of total 307) .... done (Time = 0.00s, Memory = 0.0K)
    Checking Rule STARC05-2.1.5.3 (Rule 140 of total 307) .... done (Time = 0.00s, Memory = 0.0K)
    Checking Rule STARC05-2.2.3.3 (Rule 141 of total 307) .... done (Time = 0.00s, Memory = -16.0K)
    Checking Rule STARC05-2.3.1.6 (Rule 142 of total 307) .... done (Time = 0.00s, Memory = 0.0K)
    Checking Rule STARC05-2.10.2.3 (Rule 143 of total 307) .... done (Time = 0.00s, Memory = 0.0K)
    Checking Rule STARC05-2.10.3.2a (Rule 144 of total 307) .... done (Time = 0.00s, Memory = 0.0K)
    Checking Rule STARC05-2.11.3.1 (Rule 145 of total 307) .... done (Time = 0.00s, Memory = 8.0K)
    Checking Rule STARC05-2.1.3.1 (Rule 146 of total 307) .... done (Time = 0.00s, Memory = 0.0K)
    Checking Rule STARC05-2.10.1.4a (Rule 147 of total 307) .... done (Time = 0.00s, Memory = 0.0K)
    Checking Rule STARC05-2.10.1.4b (Rule 148 of total 307) .... done (Time = 0.00s, Memory = 0.0K)
    Checking Rule STARC05-2.10.3.2b_sa (Rule 149 of total 307) .... done (Time = 0.01s, Memory = 0.0K)
    Checking Rule sim_race02 (Rule 150 of total 307) .... done (Time = 0.00s, Memory = 0.0K)
    Checking Rule W110 (Rule 151 of total 307) .... done (Time = 0.00s, Memory = 0.0K)
    Checking Rule W122 (Rule 152 of total 307) .... done (Time = 0.00s, Memory = 0.0K)
    Checking Rule W496a (Rule 153 of total 307) .... done (Time = 0.00s, Memory = 0.0K)
    Checking Rule W496b (Rule 154 of total 307) .... done (Time = 0.00s, Memory = 0.0K)
    Checking Rule W19 (Rule 155 of total 307) .... done (Time = 0.00s, Memory = 0.0K)
    Checking Rule W66 (Rule 156 of total 307) .... done (Time = 0.00s, Memory = 0.0K)
    Checking Rule W116 (Rule 157 of total 307) .... done (Time = 0.00s, Memory = 0.0K)
    Checking Rule W123 (Rule 158 of total 307) .... done (Time = 0.00s, Memory = 16.0K)
    Checking Rule W156 (Rule 159 of total 307) .... done (Time = 0.00s, Memory = 0.0K)
    Checking Rule W215 (Rule 160 of total 307) .... done (Time = 0.00s, Memory = 0.0K)
    Checking Rule W216 (Rule 161 of total 307) .... done (Time = 0.00s, Memory = 0.0K)
    Checking Rule W218 (Rule 162 of total 307) .... done (Time = 0.00s, Memory = 0.0K)
    Checking Rule W224 (Rule 163 of total 307) .... done (Time = 0.00s, Memory = 0.0K)
    Checking Rule W263 (Rule 164 of total 307) .... done (Time = 0.00s, Memory = 0.0K)
    Checking Rule W289 (Rule 165 of total 307) .... done (Time = 0.00s, Memory = 0.0K)
    Checking Rule W337 (Rule 166 of total 307) .... done (Time = 0.00s, Memory = 0.0K)
    Checking Rule W416 (Rule 167 of total 307) .... done (Time = 0.00s, Memory = 0.0K)
    Checking Rule W352 (Rule 168 of total 307) .... done (Time = 0.00s, Memory = 0.0K)
    Checking Rule W362 (Rule 169 of total 307) .... done (Time = 0.00s, Memory = 0.0K)
    Checking Rule W415a (Rule 170 of total 307) .... done (Time = 0.00s, Memory = 0.0K)
    Checking Rule W486 (Rule 171 of total 307) .... done (Time = 0.00s, Memory = 0.0K)
    Checking Rule W499 (Rule 172 of total 307) .... done (Time = 0.00s, Memory = 0.0K)
    Checking Rule W502 (Rule 173 of total 307) .... done (Time = 0.00s, Memory = 0.0K)
    Checking Rule W116 (Rule 174 of total 307) .... done (Time = 0.00s, Memory = 0.0K)
    Checking Rule W122 (Rule 175 of total 307) .... done (Time = 0.00s, Memory = 0.0K)
    Checking Rule W123 (Rule 176 of total 307) .... done (Time = 0.00s, Memory = 0.0K)
    Checking Rule W156 (Rule 177 of total 307) .... done (Time = 0.00s, Memory = 0.0K)
    Checking Rule W71 (Rule 178 of total 307) .... done (Time = 0.00s, Memory = 0.0K)
    Checking Rule W164a (Rule 179 of total 307) .... done (Time = 0.00s, Memory = -8.0K)
    Checking Rule W164a (Rule 180 of total 307) .... done (Time = 0.00s, Memory = 0.0K)
    Checking Rule W164b (Rule 181 of total 307) .... done (Time = 0.00s, Memory = -8.0K)
    Checking Rule W164b (Rule 182 of total 307) .... done (Time = 0.00s, Memory = 0.0K)
    Checking Rule W240 (Rule 183 of total 307) .... done (Time = 0.00s, Memory = 0.0K)
    Checking Rule W240 (Rule 184 of total 307) .... done (Time = 0.00s, Memory = 0.0K)
    Checking Rule W287a (Rule 185 of total 307) .... done (Time = 0.00s, Memory = 0.0K)
    Checking Rule W293 (Rule 186 of total 307) .... done (Time = 0.00s, Memory = 0.0K)
    Checking Rule W398 (Rule 187 of total 307) .... done (Time = 0.00s, Memory = 0.0K)
    Checking Rule W424 (Rule 188 of total 307) .... done (Time = 0.00s, Memory = 0.0K)
    Checking Rule W467 (Rule 189 of total 307) .... done (Time = 0.00s, Memory = 0.0K)
    Checking Rule W505 (Rule 190 of total 307) .... done (Time = 0.00s, Memory = 0.0K)
    Checking Rule W505 (Rule 191 of total 307) .... done (Time = 0.00s, Memory = 0.0K)
    Checking Rule W528 (Rule 192 of total 307) .... done (Time = 0.00s, Memory = 0.0K)
    Checking Rule W528 (Rule 193 of total 307) .... done (Time = 0.00s, Memory = 608.0K)
    Checking Rule Prereqs_Usage (Rule 194 of total 307) .... done (Time = 0.00s, Memory = -16.0K)
    Checking Rule Prereqs_ConstantInput-ML (Rule 195 of total 307) .... done (Time = 0.00s, Memory = 32.0K)
    Checking Rule ReportPortInfo-ML (Rule 196 of total 307) .... done (Time = 0.00s, Memory = 0.0K)
    Checking Rule Prereqs_ReportPortInfo-ML (Rule 197 of total 307) .... done (Time = 0.00s, Memory = 0.0K)
    Checking Rule Prereqs_ReportPortInfo-ML (Rule 198 of total 307) .... done (Time = 0.00s, Memory = 0.0K)
    Checking Rule NoAssignX-ML (Rule 199 of total 307) .... done (Time = 0.00s, Memory = 0.0K)
    Checking Rule ParamWidthMismatch-ML (Rule 200 of total 307) .... done (Time = 0.00s, Memory = 0.0K)
    Checking Rule Postreqs_Usage_ML (Rule 201 of total 307) .... done (Time = 0.00s, Memory = 0.0K)
    Checking Rule NoXInCase-ML (Rule 202 of total 307) .... done (Time = 0.00s, Memory = 0.0K)
Checking ELABDU Rules for designUnit alu
Checking Rule PECHECK56 (Rule 203 of total 307) .... done (Time = 0.00s, Memory = 0.0K)
Checking Rule SGDC_meta_design_hier01 (Rule 204 of total 307) .... done (Time = 0.00s, Memory = 0.0K)
Checking Rule SGDC_waive24 (Rule 205 of total 307) .... done (Time = 0.00s, Memory = 0.0K)
Checking Rule SGDC_waive25 (Rule 206 of total 307) .... done (Time = 0.00s, Memory = 0.0K)
Checking Rule SGDC_waive31 (Rule 207 of total 307) .... done (Time = 0.00s, Memory = 0.0K)
Checking Rule SGDC_waive35 (Rule 208 of total 307) .... done (Time = 0.00s, Memory = 0.0K)
 Synthesizing module: alu (elaborated name: alu) ... (Module 1 of total 1)  done 
 Synthesis completed.
Checking Rule InferBlackBox (Rule 209 of total 307) .... done (Time = 0.00s, Memory = 0.0K)
Checking Rule checkCMD_mthresh (Rule 210 of total 307) .... done (Time = 0.00s, Memory = 0.0K)

INFO [234]    Saving design database in directory './proName/alu/.SG_SaveRestoreDB/autogenerated__default_snapshot' ...
              done

Checking Rule SGDC_waive37 (Rule 211 of total 307) .... done (Time = 0.00s, Memory = 0.0K)
Checking Rule Txv_SvaSetup01 for module alu (Rule 212 of total 307) .... done (Time = 0.00s, Memory = 0.0K)
Checking Rule PESVASETUP01 for module alu (Rule 213 of total 307) .... done (Time = 0.00s, Memory = 0.0K)
Checking Rule _cdc_save_license01 for module alu (Rule 214 of total 307) .... done (Time = 0.00s, Memory = 0.0K)
Checking Rule _syncResetStyleRTL for module alu (Rule 215 of total 307) .... done (Time = 0.00s, Memory = 0.0K)
Checking Rule _meta_delay01 for module alu (Rule 216 of total 307) .... done (Time = 0.00s, Memory = 0.0K)
Checking Rule Ac_svasetup01 for module alu (Rule 217 of total 307) .... done (Time = 0.00s, Memory = 0.0K)
Checking Rule SDC2SGDCPARSE for module alu (Rule 218 of total 307) .... done (Time = 0.00s, Memory = 0.0K)
Checking Rule Prereq_IntClock for module alu (Rule 219 of total 307) .... done (Time = 0.00s, Memory = 0.0K)
Checking Rule W336 for module alu (Rule 220 of total 307) .... done (Time = 0.00s, Memory = 0.0K)
Checking Rule W414 for module alu (Rule 221 of total 307) .... done (Time = 0.00s, Memory = 0.0K)
Checking Rule W450L for module alu (Rule 222 of total 307) .... done (Time = 0.00s, Memory = 0.0K)
Checking Rule HangingNetPreReq-ML for module alu (Rule 223 of total 307) .... done (Time = 0.00s, Memory = 0.0K)
Checking Rule RegInputOutput-ML for module alu (Rule 224 of total 307) .... done (Time = 0.00s, Memory = 0.0K)
Checking Rule STARC05-2.5.1.7 for module alu (Rule 225 of total 307) .... done (Time = 0.00s, Memory = 0.0K)
Checking Rule STARC05-2.5.1.9 for module alu (Rule 226 of total 307) .... done (Time = 0.00s, Memory = 0.0K)
Performing semantic checks on SGDC contents
Checking Rule SGDC_testmode03 (Rule 76 of total 307) .... done (Time = 0.00s, Memory = 0.0K)
Checking Rule _abstractPortSGDC (Rule 227 of total 307) .... done (Time = 0.00s, Memory = -32.0K)
Checking Rule SGDC_abstract_port03 (Rule 228 of total 307) .... done (Time = 0.00s, Memory = 0.0K)
Checking Rule SGDC_abstract_port04 (Rule 229 of total 307) .... done (Time = 0.00s, Memory = 0.0K)
Checking Rule SGDC_abstract_port05 (Rule 230 of total 307) .... done (Time = 0.00s, Memory = 0.0K)
Checking Rule SGDC_abstract_port07 (Rule 231 of total 307) .... done (Time = 0.00s, Memory = 0.0K)
Checking Rule SGDC_abstract_port08 (Rule 232 of total 307) .... done (Time = 0.00s, Memory = 0.0K)
Checking Rule SGDC_abstract_port10 (Rule 233 of total 307) .... done (Time = 0.00s, Memory = 0.0K)
Checking Rule SGDC_abstract_port11 (Rule 234 of total 307) .... done (Time = 0.00s, Memory = 0.0K)
Checking Rule SGDC_abstract_port12 (Rule 235 of total 307) .... done (Time = 0.00s, Memory = 0.0K)
Checking Rule SGDC_abstract_port13 (Rule 236 of total 307) .... done (Time = 0.00s, Memory = 0.0K)
Checking Rule ReportUngroup (Rule 237 of total 307) .... done (Time = 0.00s, Memory = 0.0K)
Checking Rule LINT_portReten (Rule 238 of total 307) .... done (Time = 0.00s, Memory = 0.0K)
Checking Rule SGDC_abstract_port21 (Rule 239 of total 307) .... done (Time = 0.00s, Memory = 0.0K)
Checking Rule SDC2SGDC_WRN01 (Rule 240 of total 307) .... done (Time = 0.00s, Memory = 0.0K)
Checking Rule SDC2SGDC_STX01 (Rule 241 of total 307) .... done (Time = 0.00s, Memory = 0.0K)
Checking Rule InferLatch (Rule 242 of total 307) .... done (Time = 0.00s, Memory = 32.0K)
Checking Rule UndrivenInTerm-ML (Rule 243 of total 307) .... done (Time = 0.00s, Memory = -32.0K)
Checking Rule SGDC_assume_path05 (Rule 244 of total 307) .... done (Time = 0.00s, Memory = 0.0K)
 Flattening alu (.lib instances separately flattened) ....
 Flattening completed
Checking Rule SDC2SGDCPARSEW_1 (Rule 245 of total 307)
AtrDomain: Inferring Clock Domains...CLOCK_STA mode..Done. (Time Taken=0s)
AtrDomain: Generating Clock Domain Reports...Done. (Time Taken=0s)
 .... done (Time = 0.02s, Memory = 16.0K)
Checking Rule Domain_Conflict01 (Rule 246 of total 307) .... done (Time = 0.00s, Memory = 0.0K)
Checking Rule Domain_Matrix01 (Rule 247 of total 307) .... done (Time = 0.00s, Memory = 0.0K)
Checking Rule Domain_Missing01 (Rule 248 of total 307) .... done (Time = 0.00s, Memory = 0.0K)
Checking Rule SDC_Mapping01 (Rule 249 of total 307) .... done (Time = 0.00s, Memory = 0.0K)
Checking Rule SGDC_set_case_analysis_LC (Rule 250 of total 307) .... done (Time = 0.00s, Memory = 0.0K)
Checking Rule BufClock (Rule 251 of total 307) .... done (Time = 0.00s, Memory = 8.0K)
Checking Rule CombLoop (Rule 252 of total 307) .... done (Time = 0.01s, Memory = 1536.0K)
Checking Rule STARC05-2.5.1.2 (Rule 253 of total 307) .... done (Time = 0.00s, Memory = 0.0K)
Checking Rule STARC05-1.3.1.3 (Rule 254 of total 307) .... done (Time = 0.00s, Memory = 0.0K)
Checking Rule STARC05-1.4.3.4 (Rule 255 of total 307) .... done (Time = 0.00s, Memory = 0.0K)
Checking Rule FlopClockConstant (Rule 256 of total 307) .... done (Time = 0.00s, Memory = 0.0K)
Checking Rule FlopSRConst (Rule 257 of total 307) .... done (Time = 0.00s, Memory = 0.0K)
Checking Rule FlopEConst (Rule 258 of total 307) .... done (Time = 0.00s, Memory = 0.0K)
Checking Rule checkPinConnectedToSupply (Rule 259 of total 307) .... done (Time = 0.00s, Memory = 0.0K)
Checking Rule W392 (Rule 260 of total 307) .... done (Time = 0.00s, Memory = 0.0K)
Checking Rule W415 (Rule 261 of total 307) .... done (Time = 0.00s, Memory = 0.0K)
Checking Rule LatchFeedback (Rule 262 of total 307) .... done (Time = 0.00s, Memory = 0.0K)
Checking Rule STARC05-2.4.1.5 (Rule 263 of total 307) .... done (Time = 0.00s, Memory = 0.0K)
Checking Rule STARC05-1.2.1.2 (Rule 264 of total 307) .... done (Time = 0.00s, Memory = 0.0K)
Checking Rule AnalyzeBBox (Rule 265 of total 307) .... done (Time = 0.00s, Memory = 0.0K)
Checking Rule ReportCheckDataSummary (Rule 74 of total 307) .... done (Time = 0.00s, Memory = 0.0K)

Generating data for Console...

SpyGlass Rule Checking Complete.

        ********** LICENSE EXPIRY NOTIFICATION **********
        Some or all of the license features at following license server(s)
        are about to expire.

        License Server: 26585@lstn (HostID: 4c526202da00)
            Example: Feature "oemunlock 2020.12 (or > 2020.12)" expires in next 3 days.

        You can use command "lmstat -a -c <License Server>" to get
        details about the given license.

        Please contact Spyglass Support or your CAD administrator
        to renew your licenses.
        ********** END OF LICENSE EXPIRY NOTIFICATION **********


Generating moresimple report from './proName/alu/lint/lint_rtl/spyglass.vdb' to './proName/alu/lint/lint_rtl/spyglass_reports/moresimple.rpt' ....

Generating runsummary report from './proName/alu/lint/lint_rtl/spyglass.vdb' ....

Generating no_msg_reporting_rules report from './proName/alu/lint/lint_rtl/spyglass.vdb' to './proName/alu/lint/lint_rtl/spyglass_reports/no_msg_reporting_rules.rpt' ....

Generating W415_Report report from './proName/alu/lint/lint_rtl/spyglass.vdb' to './proName/alu/lint/lint_rtl/spyglass_reports/lint/W415_Report.rpt' ....

Policy specific data (reports) are present in the directory './proName/alu/lint/lint_rtl/spyglass_reports'.

SpyGlass critical reports for the current run are present in directory './proName/consolidated_reports/alu_lint_lint_rtl/'.

---------------------------------------------------------------------------------------------
Results Summary:
---------------------------------------------------------------------------------------------
   Goal Run           :      lint/lint_rtl
                             (Rules from above goal(s) have been changed)
   Command-line read  :      0 error,      0 warning,      0 information message 
   Design Read        :      0 error,      0 warning,      5 information messages
      Found 1 top module:
         alu   (file: ../rtl/alu.v)

   Blackbox Resolution:      0 error,      0 warning,      0 information message 
   SGDC Checks        :      0 error,      0 warning,      0 information message 
   -------------------------------------------------------------------------------------
   Total              :      0 error,      0 warning,      5 information messages

  Total Number of Generated Messages     :         5 (0 error, 0 warning, 5 Infos)
  Number of Reported Messages            :         5 (0 error, 0 warning, 5 Infos)

---------------------------------------------------------------------------------------------


run_goal: info: setting design top `alu' as current_design
SpyGlass Exit Code 0 (Rule-checking completed without errors or warnings)
exit: warning: design query data not saved for last active goal `lint/lint_rtl'
               (Enable `auto_save' option in the project to save design query data for goals to be run subsequently)
/usr/cadtool/cad/synopsys/spyglass/2020.12-sp2/SPYGLASS_HOME/bin/../lib/SpyGlass/standard-environment.sh: line 1229: 14717 Segmentation fault      (core dumped) /usr/cadtool/cad/synopsys/spyglass/2020.12-sp2/SPYGLASS_HOME/obj/check.Linux4 -mSpyGlass::Compatibility::v2_7_3 -batch -nl -sg_parallel_run_port -1 -ispy_batch_console -64bit --end_of_user_arg -batch -64bit --lic_tr_ctrl 'atrenta' --stime='08:31:13 PM on Mar 28 2024' -I/usr/cadtool/cad/synopsys/spyglass/2020.12-sp2/SPYGLASS_HOME/auxi -I/usr/cadtool/cad/synopsys/spyglass/2020.12-sp2/SPYGLASS_HOME/lib -I/usr/cadtool/cad/synopsys/spyglass/2020.12-sp2/SPYGLASS_HOME/policies -I/usr/cadtool/cad/synopsys/spyglass/2020.12-sp2/SPYGLASS_HOME/auxi/tkgui-new -I/usr/cadtool/cad/synopsys/spyglass/2020.12-sp2/SPYGLASS_HOME/auxi/policy_data/spyglass/design_read -I/usr/cadtool/cad/synopsys/spyglass/2020.12-sp2/SPYGLASS_HOME/policies/Audits -I/usr/cadtool/cad/synopsys/spyglass/2020.12-sp2/SPYGLASS_HOME/policies/adv_lowpower -I/usr/cadtool/cad/synopsys/spyglass/2020.12-sp2/SPYGLASS_HOME/policies/area -I/usr/cadtool/cad/synopsys/spyglass/2020.12-sp2/SPYGLASS_HOME/policies/auto-verify -I/usr/cadtool/cad/synopsys/spyglass/2020.12-sp2/SPYGLASS_HOME/policies/clock -I/usr/cadtool/cad/synopsys/spyglass/2020.12-sp2/SPYGLASS_HOME/policies/constraints -I/usr/cadtool/cad/synopsys/spyglass/2020.12-sp2/SPYGLASS_HOME/policies/cubic_netlist -I/usr/cadtool/cad/synopsys/spyglass/2020.12-sp2/SPYGLASS_HOME/policies/dft -I/usr/cadtool/cad/synopsys/spyglass/2020.12-sp2/SPYGLASS_HOME/policies/dft_dsm -I/usr/cadtool/cad/synopsys/spyglass/2020.12-sp2/SPYGLASS_HOME/policies/erc -I/usr/cadtool/cad/synopsys/spyglass/2020.12-sp2/SPYGLASS_HOME/policies/latch -I/usr/cadtool/cad/synopsys/spyglass/2020.12-sp2/SPYGLASS_HOME/policies/lint -I/usr/cadtool/cad/synopsys/spyglass/2020.12-sp2/SPYGLASS_HOME/policies/lowpower -I/usr/cadtool/cad/synopsys/spyglass/2020.12-sp2/SPYGLASS_HOME/policies/mbist-dft -I/usr/cadtool/cad/synopsys/spyglass/2020.12-sp2/SPYGLASS_HOME/policies/miscellaneous -I/usr/cadtool/cad/synopsys/spyglass/2020.12-sp2/SPYGLASS_HOME/policies/morelint -I/usr/cadtool/cad/synopsys/spyglass/2020.12-sp2/SPYGLASS_HOME/policies/openmore -I/usr/cadtool/cad/synopsys/spyglass/2020.12-sp2/SPYGLASS_HOME/policies/power_est -I/usr/cadtool/cad/synopsys/spyglass/2020.12-sp2/SPYGLASS_HOME/policies/prof -I/usr/cadtool/cad/synopsys/spyglass/2020.12-sp2/SPYGLASS_HOME/policies/rtl2netlist -I/usr/cadtool/cad/synopsys/spyglass/2020.12-sp2/SPYGLASS_HOME/policies/sec -I/usr/cadtool/cad/synopsys/spyglass/2020.12-sp2/SPYGLASS_HOME/policies/simulation -I/usr/cadtool/cad/synopsys/spyglass/2020.12-sp2/SPYGLASS_HOME/policies/spyglass -I/usr/cadtool/cad/synopsys/spyglass/2020.12-sp2/SPYGLASS_HOME/policies/starc -I/usr/cadtool/cad/synopsys/spyglass/2020.12-sp2/SPYGLASS_HOME/policies/starc2002 -I/usr/cadtool/cad/synopsys/spyglass/2020.12-sp2/SPYGLASS_HOME/policies/starc2005 -I/usr/cadtool/cad/synopsys/spyglass/2020.12-sp2/SPYGLASS_HOME/policies/starcad-21 -I/usr/cadtool/cad/synopsys/spyglass/2020.12-sp2/SPYGLASS_HOME/policies/timing -I/usr/cadtool/cad/synopsys/spyglass/2020.12-sp2/SPYGLASS_HOME/policies/txv -I/usr/cadtool/cad/synopsys/spyglass/2020.12-sp2/SPYGLASS_HOME/auxi/tkgui-new/Linux4 -I/usr/cadtool/cad/synopsys/spyglass/2020.12-sp2/SPYGLASS_HOME/auxi/rme -I/usr/cadtool/cad/synopsys/spyglass/2020.12-sp2/SPYGLASS_HOME/auxi/rme/Parser -I/usr/cadtool/cad/synopsys/spyglass/2020.12-sp2/SPYGLASS_HOME/auxi/rme/Parser/Linux4 -I/usr/cadtool/cad/synopsys/spyglass/2020.12-sp2/SPYGLASS_HOME/lib/multi-perl/lib/5.8.3 -I/usr/cadtool/cad/synopsys/spyglass/2020.12-sp2/SPYGLASS_HOME/lib/multi-perl/lib/site_perl/5.8.3 -I/usr/cadtool/cad/synopsys/spyglass/2020.12-sp2/SPYGLASS_HOME/auxi/tkgui-new/Linux4
