 
****************************************
Report : area
Design : alu
Version: R-2020.09-SP5
Date   : Thu Mar 28 20:32:26 2024
****************************************

Library(s) Used:

    sc9_cln40g_base_rvt_tt_typical_max_0p90v_25c (File: /usr/cadtool/cbdk/CBDK_TSMC40_Arm_f2.0/CIC/SynopsysDC/db/sc9_base_rvt/sc9_cln40g_base_rvt_tt_typical_max_0p90v_25c.db)

Number of ports:                           29
Number of nets:                           202
Number of cells:                          175
Number of combinational cells:            175
Number of sequential cells:                 0
Number of macros/black boxes:               0
Number of buf/inv:                         39
Number of references:                      33

Combinational area:                195.955197
Buf/Inv area:                       18.144000
Noncombinational area:               0.000000
Macro/Black Box area:                0.000000
Net Interconnect area:               0.000000

Total cell area:                   195.955197
Total area:                        195.955197

Hierarchical area distribution
------------------------------

                                  Global cell area          Local cell area
                                  ------------------  --------------------------- 
Hierarchical cell                 Absolute   Percent  Combi-    Noncombi-  Black-
                                  Total      Total    national  national   boxes   Design
--------------------------------  ---------  -------  --------  ---------  ------  ---------
alu                                195.9552    100.0  195.9552     0.0000  0.0000  alu
--------------------------------  ---------  -------  --------  ---------  ------  ---------
Total                                                 195.9552     0.0000  0.0000


Area of detected synthetic parts
--------------------------------
  No DW parts to report!

Estimated area of ungrouped synthetic parts
-------------------------------------------
                                      Estimated  Perc. of
  Module              Implem.  Count       Area cell area
  ------------------- -------  ----- ---------- ---------
  DP_OP_33J1_122_8880     str      1    27.9497     14.3%
  DW01_sub            apparch      1    30.1644     15.4%
  ------------------- -------  ----- ---------- ---------
  DP_OP Subtotal:                  1    27.9497     14.3%
  Total:                           2    58.1141     29.7%

Subtotal of datapath(DP_OP) cell area:  27.9497  14.3%  (estimated)
Total synthetic cell area:              58.1141  29.7%  (estimated)

1
